{"/Users/emilianoerrecalde/Documents/emi/ctp-ecom-tsgctp/jest.init.js": {"path":"/Users/emilianoerrecalde/Documents/emi/ctp-ecom-tsgctp/jest.init.js","statementMap":{},"fnMap":{},"branchMap":{},"s":{},"f":{},"b":{},"_coverageSchema":"332fd63041d2c1bcb487cc26dd0d5f7d97098a6c","hash":"ec0640c130b3a12714e7d85672da1bf25f385af6"}
,"/Users/emilianoerrecalde/Documents/emi/ctp-ecom-tsgctp/lib/directive.data/filterIo.core.js": {"path":"/Users/emilianoerrecalde/Documents/emi/ctp-ecom-tsgctp/lib/directive.data/filterIo.core.js","statementMap":{"0":{"start":{"line":11,"column":2},"end":{"line":11,"column":50}},"1":{"start":{"line":11,"column":36},"end":{"line":11,"column":49}},"2":{"start":{"line":13,"column":2},"end":{"line":51,"column":5}},"3":{"start":{"line":14,"column":34},"end":{"line":14,"column":35}},"4":{"start":{"line":16,"column":4},"end":{"line":50,"column":18}},"5":{"start":{"line":18,"column":6},"end":{"line":47,"column":9}},"6":{"start":{"line":19,"column":37},"end":{"line":19,"column":38}},"7":{"start":{"line":20,"column":27},"end":{"line":20,"column":50}},"8":{"start":{"line":22,"column":8},"end":{"line":41,"column":11}},"9":{"start":{"line":23,"column":27},"end":{"line":23,"column":49}},"10":{"start":{"line":25,"column":10},"end":{"line":29,"column":11}},"11":{"start":{"line":28,"column":12},"end":{"line":28,"column":67}},"12":{"start":{"line":31,"column":10},"end":{"line":33,"column":11}},"13":{"start":{"line":32,"column":12},"end":{"line":32,"column":19}},"14":{"start":{"line":35,"column":10},"end":{"line":37,"column":11}},"15":{"start":{"line":36,"column":12},"end":{"line":36,"column":40}},"16":{"start":{"line":40,"column":10},"end":{"line":40,"column":17}},"17":{"start":{"line":43,"column":8},"end":{"line":45,"column":9}},"18":{"start":{"line":44,"column":10},"end":{"line":44,"column":39}},"19":{"start":{"line":49,"column":6},"end":{"line":49,"column":56}},"20":{"start":{"line":54,"column":21},"end":{"line":56,"column":1}}},"fnMap":{"0":{"name":"getFiltredCollection","decl":{"start":{"line":10,"column":9},"end":{"line":10,"column":29}},"loc":{"start":{"line":10,"column":58},"end":{"line":52,"column":1}},"line":10},"1":{"name":"(anonymous_1)","decl":{"start":{"line":13,"column":22},"end":{"line":13,"column":23}},"loc":{"start":{"line":13,"column":29},"end":{"line":51,"column":3}},"line":13},"2":{"name":"(anonymous_2)","decl":{"start":{"line":16,"column":28},"end":{"line":16,"column":29}},"loc":{"start":{"line":16,"column":38},"end":{"line":50,"column":5}},"line":16},"3":{"name":"(anonymous_3)","decl":{"start":{"line":18,"column":22},"end":{"line":18,"column":23}},"loc":{"start":{"line":18,"column":38},"end":{"line":47,"column":7}},"line":18},"4":{"name":"(anonymous_4)","decl":{"start":{"line":22,"column":27},"end":{"line":22,"column":28}},"loc":{"start":{"line":22,"column":36},"end":{"line":41,"column":9}},"line":22}},"branchMap":{"0":{"loc":{"start":{"line":11,"column":2},"end":{"line":11,"column":50}},"type":"if","locations":[{"start":{"line":11,"column":2},"end":{"line":11,"column":50}},{"start":{"line":11,"column":2},"end":{"line":11,"column":50}}],"line":11},"1":{"loc":{"start":{"line":11,"column":6},"end":{"line":11,"column":33}},"type":"binary-expr","locations":[{"start":{"line":11,"column":6},"end":{"line":11,"column":14}},{"start":{"line":11,"column":18},"end":{"line":11,"column":33}}],"line":11},"2":{"loc":{"start":{"line":23,"column":27},"end":{"line":23,"column":49}},"type":"binary-expr","locations":[{"start":{"line":23,"column":27},"end":{"line":23,"column":36}},{"start":{"line":23,"column":40},"end":{"line":23,"column":49}}],"line":23},"3":{"loc":{"start":{"line":25,"column":10},"end":{"line":29,"column":11}},"type":"if","locations":[{"start":{"line":25,"column":10},"end":{"line":29,"column":11}},{"start":{"line":25,"column":10},"end":{"line":29,"column":11}}],"line":25},"4":{"loc":{"start":{"line":25,"column":13},"end":{"line":25,"column":82}},"type":"binary-expr","locations":[{"start":{"line":25,"column":13},"end":{"line":25,"column":23}},{"start":{"line":25,"column":27},"end":{"line":25,"column":82}}],"line":25},"5":{"loc":{"start":{"line":31,"column":10},"end":{"line":33,"column":11}},"type":"if","locations":[{"start":{"line":31,"column":10},"end":{"line":33,"column":11}},{"start":{"line":31,"column":10},"end":{"line":33,"column":11}}],"line":31},"6":{"loc":{"start":{"line":31,"column":13},"end":{"line":31,"column":67}},"type":"binary-expr","locations":[{"start":{"line":31,"column":13},"end":{"line":31,"column":32}},{"start":{"line":31,"column":36},"end":{"line":31,"column":67}}],"line":31},"7":{"loc":{"start":{"line":35,"column":10},"end":{"line":37,"column":11}},"type":"if","locations":[{"start":{"line":35,"column":10},"end":{"line":37,"column":11}},{"start":{"line":35,"column":10},"end":{"line":37,"column":11}}],"line":35},"8":{"loc":{"start":{"line":35,"column":13},"end":{"line":35,"column":88}},"type":"binary-expr","locations":[{"start":{"line":35,"column":13},"end":{"line":35,"column":23}},{"start":{"line":35,"column":27},"end":{"line":35,"column":88}}],"line":35},"9":{"loc":{"start":{"line":43,"column":8},"end":{"line":45,"column":9}},"type":"if","locations":[{"start":{"line":43,"column":8},"end":{"line":45,"column":9}},{"start":{"line":43,"column":8},"end":{"line":45,"column":9}}],"line":43}},"s":{"0":2,"1":0,"2":2,"3":8,"4":8,"5":132,"6":132,"7":132,"8":132,"9":396,"10":396,"11":44,"12":396,"13":0,"14":396,"15":17,"16":396,"17":132,"18":1,"19":132,"20":1},"f":{"0":2,"1":8,"2":132,"3":132,"4":396},"b":{"0":[0,2],"1":[2,2],"2":[396,44],"3":[44,352],"4":[396,44],"5":[0,396],"6":[396,396],"7":[17,379],"8":[396,352],"9":[1,131]},"_coverageSchema":"332fd63041d2c1bcb487cc26dd0d5f7d97098a6c","hash":"d023102aecf56be0368cf501c0ccc678ba774adc"}
,"/Users/emilianoerrecalde/Documents/emi/ctp-ecom-tsgctp/lib/directive.data/mock.js": {"path":"/Users/emilianoerrecalde/Documents/emi/ctp-ecom-tsgctp/lib/directive.data/mock.js","statementMap":{"0":{"start":{"line":2,"column":18},"end":{"line":1485,"column":2}}},"fnMap":{},"branchMap":{},"s":{"0":1},"f":{},"b":{},"_coverageSchema":"332fd63041d2c1bcb487cc26dd0d5f7d97098a6c","hash":"9fcd5372137dec00d72c4efb7ece15acae69c7e8"}
,"/Users/emilianoerrecalde/Documents/emi/ctp-ecom-tsgctp/lib/utils/utils.js": {"path":"/Users/emilianoerrecalde/Documents/emi/ctp-ecom-tsgctp/lib/utils/utils.js","statementMap":{"0":{"start":{"line":11,"column":2},"end":{"line":11,"column":37}},"1":{"start":{"line":12,"column":2},"end":{"line":12,"column":27}},"2":{"start":{"line":13,"column":12},"end":{"line":13,"column":24}},"3":{"start":{"line":14,"column":2},"end":{"line":21,"column":3}},"4":{"start":{"line":15,"column":14},"end":{"line":15,"column":18}},"5":{"start":{"line":16,"column":4},"end":{"line":20,"column":5}},"6":{"start":{"line":17,"column":6},"end":{"line":17,"column":15}},"7":{"start":{"line":19,"column":6},"end":{"line":19,"column":13}},"8":{"start":{"line":22,"column":2},"end":{"line":22,"column":11}},"9":{"start":{"line":36,"column":2},"end":{"line":36,"column":55}},"10":{"start":{"line":48,"column":2},"end":{"line":50,"column":3}},"11":{"start":{"line":49,"column":4},"end":{"line":49,"column":26}},"12":{"start":{"line":52,"column":2},"end":{"line":55,"column":3}},"13":{"start":{"line":54,"column":4},"end":{"line":54,"column":57}},"14":{"start":{"line":57,"column":2},"end":{"line":57,"column":12}},"15":{"start":{"line":69,"column":16},"end":{"line":69,"column":17}},"16":{"start":{"line":70,"column":16},"end":{"line":70,"column":21}},"17":{"start":{"line":71,"column":11},"end":{"line":71,"column":18}},"18":{"start":{"line":74,"column":2},"end":{"line":76,"column":3}},"19":{"start":{"line":75,"column":4},"end":{"line":75,"column":22}},"20":{"start":{"line":78,"column":2},"end":{"line":99,"column":5}},"21":{"start":{"line":79,"column":14},"end":{"line":79,"column":20}},"22":{"start":{"line":82,"column":4},"end":{"line":82,"column":36}},"23":{"start":{"line":83,"column":4},"end":{"line":83,"column":34}},"24":{"start":{"line":85,"column":4},"end":{"line":87,"column":5}},"25":{"start":{"line":86,"column":6},"end":{"line":86,"column":13}},"26":{"start":{"line":89,"column":4},"end":{"line":92,"column":5}},"27":{"start":{"line":90,"column":6},"end":{"line":90,"column":19}},"28":{"start":{"line":91,"column":6},"end":{"line":91,"column":13}},"29":{"start":{"line":94,"column":4},"end":{"line":98,"column":5}},"30":{"start":{"line":95,"column":6},"end":{"line":95,"column":19}},"31":{"start":{"line":97,"column":6},"end":{"line":97,"column":13}},"32":{"start":{"line":101,"column":2},"end":{"line":101,"column":19}},"33":{"start":{"line":105,"column":2},"end":{"line":105,"column":27}}},"fnMap":{"0":{"name":"getObjectValueFromString","decl":{"start":{"line":10,"column":16},"end":{"line":10,"column":40}},"loc":{"start":{"line":10,"column":47},"end":{"line":23,"column":1}},"line":10},"1":{"name":"isInArray","decl":{"start":{"line":35,"column":16},"end":{"line":35,"column":25}},"loc":{"start":{"line":35,"column":46},"end":{"line":37,"column":1}},"line":35},"2":{"name":"getLowerCaseOrNumber","decl":{"start":{"line":47,"column":16},"end":{"line":47,"column":36}},"loc":{"start":{"line":47,"column":42},"end":{"line":58,"column":1}},"line":47},"3":{"name":"atLeastOneMatch","decl":{"start":{"line":68,"column":16},"end":{"line":68,"column":31}},"loc":{"start":{"line":68,"column":59},"end":{"line":102,"column":1}},"line":68},"4":{"name":"(anonymous_4)","decl":{"start":{"line":78,"column":18},"end":{"line":78,"column":19}},"loc":{"start":{"line":78,"column":30},"end":{"line":99,"column":3}},"line":78},"5":{"name":"testStuff","decl":{"start":{"line":104,"column":16},"end":{"line":104,"column":25}},"loc":{"start":{"line":104,"column":28},"end":{"line":106,"column":1}},"line":104}},"branchMap":{"0":{"loc":{"start":{"line":16,"column":4},"end":{"line":20,"column":5}},"type":"if","locations":[{"start":{"line":16,"column":4},"end":{"line":20,"column":5}},{"start":{"line":16,"column":4},"end":{"line":20,"column":5}}],"line":16},"1":{"loc":{"start":{"line":36,"column":9},"end":{"line":36,"column":54}},"type":"cond-expr","locations":[{"start":{"line":36,"column":21},"end":{"line":36,"column":41}},{"start":{"line":36,"column":44},"end":{"line":36,"column":54}}],"line":36},"2":{"loc":{"start":{"line":48,"column":2},"end":{"line":50,"column":3}},"type":"if","locations":[{"start":{"line":48,"column":2},"end":{"line":50,"column":3}},{"start":{"line":48,"column":2},"end":{"line":50,"column":3}}],"line":48},"3":{"loc":{"start":{"line":52,"column":2},"end":{"line":55,"column":3}},"type":"if","locations":[{"start":{"line":52,"column":2},"end":{"line":55,"column":3}},{"start":{"line":52,"column":2},"end":{"line":55,"column":3}}],"line":52},"4":{"loc":{"start":{"line":54,"column":11},"end":{"line":54,"column":56}},"type":"cond-expr","locations":[{"start":{"line":54,"column":23},"end":{"line":54,"column":39}},{"start":{"line":54,"column":42},"end":{"line":54,"column":56}}],"line":54},"5":{"loc":{"start":{"line":74,"column":2},"end":{"line":76,"column":3}},"type":"if","locations":[{"start":{"line":74,"column":2},"end":{"line":76,"column":3}},{"start":{"line":74,"column":2},"end":{"line":76,"column":3}}],"line":74},"6":{"loc":{"start":{"line":85,"column":4},"end":{"line":87,"column":5}},"type":"if","locations":[{"start":{"line":85,"column":4},"end":{"line":87,"column":5}},{"start":{"line":85,"column":4},"end":{"line":87,"column":5}}],"line":85},"7":{"loc":{"start":{"line":89,"column":4},"end":{"line":92,"column":5}},"type":"if","locations":[{"start":{"line":89,"column":4},"end":{"line":92,"column":5}},{"start":{"line":89,"column":4},"end":{"line":92,"column":5}}],"line":89},"8":{"loc":{"start":{"line":94,"column":4},"end":{"line":98,"column":5}},"type":"if","locations":[{"start":{"line":94,"column":4},"end":{"line":98,"column":5}},{"start":{"line":94,"column":4},"end":{"line":98,"column":5}}],"line":94},"9":{"loc":{"start":{"line":94,"column":7},"end":{"line":94,"column":76}},"type":"binary-expr","locations":[{"start":{"line":94,"column":7},"end":{"line":94,"column":22}},{"start":{"line":94,"column":27},"end":{"line":94,"column":29}},{"start":{"line":94,"column":33},"end":{"line":94,"column":42}},{"start":{"line":94,"column":46},"end":{"line":94,"column":75}}],"line":94}},"s":{"0":90,"1":90,"2":90,"3":90,"4":92,"5":92,"6":91,"7":1,"8":89,"9":317,"10":704,"11":0,"12":704,"13":704,"14":0,"15":352,"16":352,"17":352,"18":352,"19":352,"20":352,"21":352,"22":352,"23":352,"24":352,"25":18,"26":334,"27":17,"28":17,"29":317,"30":0,"31":0,"32":352,"33":0},"f":{"0":90,"1":317,"2":704,"3":352,"4":352,"5":0},"b":{"0":[91,1],"1":[0,317],"2":[0,704],"3":[704,0],"4":[686,18],"5":[352,0],"6":[18,334],"7":[17,317],"8":[0,317],"9":[317,317,317,317]},"_coverageSchema":"332fd63041d2c1bcb487cc26dd0d5f7d97098a6c","hash":"4f9d84652f1d5462cbcf7374ff82d2aa94f5b368"}
}
