TN:
SF:/Users/emilianoerrecalde/Documents/emi/ctp-ecom-tsgctp/jest.init.js
FNF:0
FNH:0
LF:0
LH:0
BRF:0
BRH:0
end_of_record
TN:
SF:/Users/emilianoerrecalde/Documents/emi/ctp-ecom-tsgctp/lib/directive.data/filterIo.core.js
FN:10,getFiltredCollection
FN:13,(anonymous_1)
FN:16,(anonymous_2)
FN:18,(anonymous_3)
FN:22,(anonymous_4)
FNF:5
FNH:5
FNDA:2,getFiltredCollection
FNDA:8,(anonymous_1)
FNDA:132,(anonymous_2)
FNDA:132,(anonymous_3)
FNDA:396,(anonymous_4)
DA:11,2
DA:13,2
DA:14,8
DA:16,8
DA:18,132
DA:19,132
DA:20,132
DA:22,132
DA:23,396
DA:25,396
DA:28,44
DA:31,396
DA:32,0
DA:35,396
DA:36,17
DA:40,396
DA:43,132
DA:44,1
DA:49,132
DA:54,1
LF:20
LH:19
BRDA:11,0,0,0
BRDA:11,0,1,2
BRDA:11,1,0,2
BRDA:11,1,1,2
BRDA:23,2,0,396
BRDA:23,2,1,44
BRDA:25,3,0,44
BRDA:25,3,1,352
BRDA:25,4,0,396
BRDA:25,4,1,44
BRDA:31,5,0,0
BRDA:31,5,1,396
BRDA:31,6,0,396
BRDA:31,6,1,396
BRDA:35,7,0,17
BRDA:35,7,1,379
BRDA:35,8,0,396
BRDA:35,8,1,352
BRDA:43,9,0,1
BRDA:43,9,1,131
BRF:20
BRH:18
end_of_record
TN:
SF:/Users/emilianoerrecalde/Documents/emi/ctp-ecom-tsgctp/lib/directive.data/mock.js
FNF:0
FNH:0
DA:2,1
LF:1
LH:1
BRF:0
BRH:0
end_of_record
TN:
SF:/Users/emilianoerrecalde/Documents/emi/ctp-ecom-tsgctp/lib/utils/utils.js
FN:10,getObjectValueFromString
FN:35,isInArray
FN:47,getLowerCaseOrNumber
FN:68,atLeastOneMatch
FN:78,(anonymous_4)
FN:104,testStuff
FNF:6
FNH:5
FNDA:90,getObjectValueFromString
FNDA:317,isInArray
FNDA:704,getLowerCaseOrNumber
FNDA:352,atLeastOneMatch
FNDA:352,(anonymous_4)
FNDA:0,testStuff
DA:11,90
DA:12,90
DA:13,90
DA:14,90
DA:15,92
DA:16,92
DA:17,91
DA:19,1
DA:22,89
DA:36,317
DA:48,704
DA:49,0
DA:52,704
DA:54,704
DA:57,0
DA:69,352
DA:70,352
DA:71,352
DA:74,352
DA:75,352
DA:78,352
DA:79,352
DA:82,352
DA:83,352
DA:85,352
DA:86,18
DA:89,334
DA:90,17
DA:91,17
DA:94,317
DA:95,0
DA:97,0
DA:101,352
DA:105,0
LF:34
LH:29
BRDA:16,0,0,91
BRDA:16,0,1,1
BRDA:36,1,0,0
BRDA:36,1,1,317
BRDA:48,2,0,0
BRDA:48,2,1,704
BRDA:52,3,0,704
BRDA:52,3,1,0
BRDA:54,4,0,686
BRDA:54,4,1,18
BRDA:74,5,0,352
BRDA:74,5,1,0
BRDA:85,6,0,18
BRDA:85,6,1,334
BRDA:89,7,0,17
BRDA:89,7,1,317
BRDA:94,8,0,0
BRDA:94,8,1,317
BRDA:94,9,0,317
BRDA:94,9,1,317
BRDA:94,9,2,317
BRDA:94,9,3,317
BRF:22
BRH:17
end_of_record
